<?xml version="1.0" encoding="UTF-8"?>
<testsuite name="com.algorithms.dynamic.KnapsackTest" tests="1" skipped="0" failures="0" errors="0" timestamp="2019-08-18T16:37:29" hostname="in-pallawik.local" time="0.001">
  <properties/>
  <testcase name="shouldReturnMaxProfitForGivenWeightsForBottomUpApproach" classname="com.algorithms.dynamic.KnapsackTest" time="0.001"/>
  <system-out><![CDATA[]]></system-out>
  <system-err><![CDATA[]]></system-err>
</testsuite>
